x:\onedrive - de la salle college\subjects\coding projects\opengl projects\graphics renderer\solution\x64\debug\vc143.pdb
x:\onedrive - de la salle college\subjects\coding projects\opengl projects\graphics renderer\solution\x64\debug\vc143.idb
x:\onedrive - de la salle college\subjects\coding projects\opengl projects\graphics renderer\solution\x64\debug\uinttween.obj
x:\onedrive - de la salle college\subjects\coding projects\opengl projects\graphics renderer\solution\x64\debug\tweenmanager.obj
x:\onedrive - de la salle college\subjects\coding projects\opengl projects\graphics renderer\solution\x64\debug\tween.obj
x:\onedrive - de la salle college\subjects\coding projects\opengl projects\graphics renderer\solution\x64\debug\transform.obj
x:\onedrive - de la salle college\subjects\coding projects\opengl projects\graphics renderer\solution\x64\debug\texture2d.obj
x:\onedrive - de la salle college\subjects\coding projects\opengl projects\graphics renderer\solution\x64\debug\spriterenderer.obj
x:\onedrive - de la salle college\subjects\coding projects\opengl projects\graphics renderer\solution\x64\debug\shaderprogram.obj
x:\onedrive - de la salle college\subjects\coding projects\opengl projects\graphics renderer\solution\x64\debug\scene.obj
x:\onedrive - de la salle college\subjects\coding projects\opengl projects\graphics renderer\solution\x64\debug\resourcemanager.obj
x:\onedrive - de la salle college\subjects\coding projects\opengl projects\graphics renderer\solution\x64\debug\rectanglerenderer.obj
x:\onedrive - de la salle college\subjects\coding projects\opengl projects\graphics renderer\solution\x64\debug\orthocamera.obj
x:\onedrive - de la salle college\subjects\coding projects\opengl projects\graphics renderer\solution\x64\debug\main.obj
x:\onedrive - de la salle college\subjects\coding projects\opengl projects\graphics renderer\solution\x64\debug\linerenderer.obj
x:\onedrive - de la salle college\subjects\coding projects\opengl projects\graphics renderer\solution\x64\debug\inttween.obj
x:\onedrive - de la salle college\subjects\coding projects\opengl projects\graphics renderer\solution\x64\debug\floattween.obj
x:\onedrive - de la salle college\subjects\coding projects\opengl projects\graphics renderer\solution\x64\debug\eventlistener.obj
x:\onedrive - de la salle college\subjects\coding projects\opengl projects\graphics renderer\solution\x64\debug\eventinfo.obj
x:\onedrive - de la salle college\subjects\coding projects\opengl projects\graphics renderer\solution\x64\debug\entity.obj
x:\onedrive - de la salle college\subjects\coding projects\opengl projects\graphics renderer\solution\x64\debug\ellipserenderer.obj
x:\onedrive - de la salle college\subjects\coding projects\opengl projects\graphics renderer\solution\x64\debug\doubletween.obj
x:\onedrive - de la salle college\subjects\coding projects\opengl projects\graphics renderer\solution\x64\debug\vec3tween.obj
x:\onedrive - de la salle college\subjects\coding projects\opengl projects\graphics renderer\solution\x64\debug\vec2tween.obj
x:\onedrive - de la salle college\subjects\coding projects\opengl projects\graphics renderer\solution\x64\debug\glad.obj
x:\onedrive - de la salle college\subjects\coding projects\opengl projects\graphics renderer\solution\x64\debug\rigidbody2d.obj
x:\onedrive - de la salle college\subjects\coding projects\opengl projects\graphics renderer\solution\x64\debug\build\graphicsrenderer.exe
x:\onedrive - de la salle college\subjects\coding projects\opengl projects\graphics renderer\solution\x64\debug\graphicsrenderer.ilk
x:\onedrive - de la salle college\subjects\coding projects\opengl projects\graphics renderer\solution\x64\debug\build\graphicsrenderer.pdb
x:\onedrive - de la salle college\subjects\coding projects\opengl projects\graphics renderer\solution\x64\debug\graphicsrenderer.tlog\cl.command.1.tlog
x:\onedrive - de la salle college\subjects\coding projects\opengl projects\graphics renderer\solution\x64\debug\graphicsrenderer.tlog\cl.read.1.tlog
x:\onedrive - de la salle college\subjects\coding projects\opengl projects\graphics renderer\solution\x64\debug\graphicsrenderer.tlog\cl.write.1.tlog
x:\onedrive - de la salle college\subjects\coding projects\opengl projects\graphics renderer\solution\x64\debug\graphicsrenderer.tlog\link.command.1.tlog
x:\onedrive - de la salle college\subjects\coding projects\opengl projects\graphics renderer\solution\x64\debug\graphicsrenderer.tlog\link.read.1.tlog
x:\onedrive - de la salle college\subjects\coding projects\opengl projects\graphics renderer\solution\x64\debug\graphicsrenderer.tlog\link.write.1.tlog
